<?xml version="1.0" encoding="UTF-8"?>
<!-- Generated by org.testng.reporters.JUnitReportReporter -->
<testsuite skipped="0" hostname="Fatihs-MacBook-Pro.local" name="com.cybertek.JavascriptExecutorExamples" tests="1" failures="0" timestamp="14 Jul 2018 19:53:01 GMT" time="5.833" errors="0">
  <testcase name="click" time="5.833" classname="com.cybertek.JavascriptExecutorExamples"/>
</testsuite> <!-- com.cybertek.JavascriptExecutorExamples -->
