<?xml version="1.0" encoding="UTF-8"?>
<!-- Generated by org.testng.reporters.JUnitReportReporter -->
<testsuite skipped="0" hostname="Fatihs-MacBook-Pro.local" name="com.cybertek.ImplicitWait" tests="1" failures="0" timestamp="14 Jul 2018 15:55:02 GMT" time="8.344" errors="0">
  <testcase name="realExample" time="8.344" classname="com.cybertek.ImplicitWait"/>
</testsuite> <!-- com.cybertek.ImplicitWait -->
