<?xml version="1.0" encoding="UTF-8"?>
<!-- Generated by org.testng.reporters.JUnitReportReporter -->
<testsuite skipped="0" hostname="Fatihs-MacBook-Pro.local" name="com.cybertek.FluentWaitTest" tests="1" failures="0" timestamp="14 Jul 2018 18:53:02 GMT" time="5.185" errors="0">
  <testcase name="test" time="5.185" classname="com.cybertek.FluentWaitTest"/>
</testsuite> <!-- com.cybertek.FluentWaitTest -->
