<?xml version="1.0" encoding="UTF-8"?>
<!-- Generated by org.testng.reporters.JUnitReportReporter -->
<testsuite hostname="Fatihs-MacBook-Pro.local" name="com.prestashop.tests.NegativeScenarios" tests="1" failures="0" timestamp="22 Jun 2018 00:27:08 GMT" time="4.861" errors="0">
  <testcase name="wrongCredentialsTest" time="4.861" classname="com.prestashop.tests.NegativeScenarios"/>
</testsuite> <!-- com.prestashop.tests.NegativeScenarios -->
