<?xml version="1.0" encoding="UTF-8"?>
<!-- Generated by org.testng.reporters.JUnitReportReporter -->
<testsuite skipped="0" hostname="Fatihs-MacBook-Pro.local" name="com.nyt.TestingMainPage" tests="1" failures="0" timestamp="26 Jun 2018 22:08:42 GMT" time="80.990" errors="0">
  <testcase name="clickVerifyGoBackToMainPageVerify" time="80.990" classname="com.nyt.TestingMainPage"/>
</testsuite> <!-- com.nyt.TestingMainPage -->
