<?xml version="1.0" encoding="UTF-8"?>
<!-- Generated by org.testng.reporters.JUnitReportReporter -->
<testsuite skipped="0" hostname="Fatihs-MacBook-Pro.local" name="com.nyt.JQueryTooltip" tests="1" failures="0" timestamp="28 Jun 2018 23:24:28 GMT" time="4.942" errors="0">
  <testcase name="test" time="4.942" classname="com.nyt.JQueryTooltip"/>
</testsuite> <!-- com.nyt.JQueryTooltip -->
