<?xml version="1.0" encoding="UTF-8"?>
<!-- Generated by org.testng.reporters.JUnitReportReporter -->
<testsuite skipped="0" hostname="Fatihs-MacBook-Pro.local" name="com.nyt.TestingFast" tests="1" failures="0" timestamp="26 Jun 2018 21:49:13 GMT" time="35.132" errors="0">
  <testcase name="clickSectionTest" time="35.132" classname="com.nyt.TestingFast"/>
</testsuite> <!-- com.nyt.TestingFast -->
