<?xml version="1.0" encoding="UTF-8"?>
<!-- Generated by org.testng.reporters.JUnitReportReporter -->
<testsuite skipped="0" hostname="Fatihs-MacBook-Pro.local" name="com.nyt.Links" tests="1" failures="0" timestamp="27 Jun 2018 14:52:34 GMT" time="68.335" errors="0">
  <testcase name="myLinks" time="68.335" classname="com.nyt.Links"/>
</testsuite> <!-- com.nyt.Links -->
