<?xml version="1.0" encoding="UTF-8"?>
<!-- Generated by org.testng.reporters.JUnitReportReporter -->
<testsuite skipped="0" hostname="Fatihs-MacBook-Pro.local" name="com.nyt.Deneme" tests="2" failures="0" timestamp="07 Jul 2018 00:38:56 GMT" time="5.679" errors="0">
  <testcase name="Teytrer" time="2.351" classname="com.nyt.Deneme"/>
  <testcase name="clickVerifyGoBackToMainPageVerify" time="3.328" classname="com.nyt.Deneme"/>
</testsuite> <!-- com.nyt.Deneme -->
