<?xml version="1.0" encoding="UTF-8"?>
<!-- Generated by org.testng.reporters.JUnitReportReporter -->
<testsuite skipped="0" hostname="Fatihs-MacBook-Pro.local" name="com.automationpractice.PropertyTests" tests="1" failures="0" timestamp="11 Jul 2018 02:01:01 GMT" time="1.169" errors="0">
  <testcase name="testProperty" time="1.169" classname="com.automationpractice.PropertyTests"/>
</testsuite> <!-- com.automationpractice.PropertyTests -->
