<?xml version="1.0" encoding="UTF-8"?>
<!-- Generated by org.testng.reporters.JUnitReportReporter -->
<testsuite skipped="0" hostname="Fatihs-MacBook-Pro.local" name="tests.Log4JDemo" tests="2" failures="0" timestamp="12 Nov 2018 02:39:54 GMT" time="7.727" errors="0">
  <testcase name="test1" time="3.688" classname="tests.Log4JDemo"/>
  <testcase name="test2" time="4.039" classname="tests.Log4JDemo"/>
</testsuite> <!-- tests.Log4JDemo -->
