<?xml version="1.0" encoding="UTF-8"?>
<!-- Generated by org.testng.reporters.JUnitReportReporter -->
<testsuite skipped="0" hostname="Fatihs-MacBook-Pro.local" name="com.olympicsmedals.OlympicsMedals2" tests="7" failures="0" timestamp="03 Jul 2018 13:54:51 GMT" time="9.478" errors="0">
  <testcase name="getSum" time="0.961" classname="com.olympicsmedals.OlympicsMedals2"/>
  <testcase name="most" time="1.310" classname="com.olympicsmedals.OlympicsMedals2"/>
  <testcase name="sortTest1" time="0.187" classname="com.olympicsmedals.OlympicsMedals2"/>
  <testcase name="sortTest2" time="0.240" classname="com.olympicsmedals.OlympicsMedals2"/>
  <testcase name="country18silver" time="0.258" classname="com.olympicsmedals.OlympicsMedals2"/>
  <testcase name="testJapan" time="6.281" classname="com.olympicsmedals.OlympicsMedals2"/>
  <testcase name="sortTest3" time="0.241" classname="com.olympicsmedals.OlympicsMedals2"/>
</testsuite> <!-- com.olympicsmedals.OlympicsMedals2 -->
