<?xml version="1.0" encoding="UTF-8"?>
<!-- Generated by org.testng.reporters.JUnitReportReporter -->
<testsuite skipped="0" hostname="Fatihs-MacBook-Pro.local" name="rest_api_testing.RestTest" tests="1" failures="0" timestamp="16 Sep 2018 03:50:29 GMT" time="2.203" errors="0">
  <testcase name="fourthTest" time="2.203" classname="rest_api_testing.RestTest"/>
</testsuite> <!-- rest_api_testing.RestTest -->
