<?xml version="1.0" encoding="UTF-8"?>
<!-- Generated by org.testng.reporters.JUnitReportReporter -->
<testsuite skipped="0" hostname="Fatihs-MacBook-Pro.local" name="rest_api_testing.PracticeJacksonLibrary" tests="2" failures="0" timestamp="29 Aug 2018 01:51:24 GMT" time="0.296" errors="0">
  <testcase name="databindTest" time="0.292" classname="rest_api_testing.PracticeJacksonLibrary"/>
  <testcase name="databindTest2" time="0.004" classname="rest_api_testing.PracticeJacksonLibrary"/>
</testsuite> <!-- rest_api_testing.PracticeJacksonLibrary -->
