<?xml version="1.0" encoding="UTF-8"?>
<!-- Generated by org.testng.reporters.JUnitReportReporter -->
<testsuite skipped="0" hostname="Fatihs-MacBook-Pro.local" name="rest_api_testing.CustomSerilizeDeserlization" tests="1" failures="0" timestamp="14 Oct 2018 20:45:34 GMT" time="0.308" errors="0">
  <testcase name="test" time="0.308" classname="rest_api_testing.CustomSerilizeDeserlization"/>
</testsuite> <!-- rest_api_testing.CustomSerilizeDeserlization -->
