<?xml version="1.0" encoding="UTF-8"?>
<!-- Generated by org.testng.reporters.JUnitReportReporter -->
<testsuite skipped="0" hostname="Fatihs-MacBook-Pro.local" name="rest_api_testing.JSONPath" tests="1" failures="0" timestamp="25 Aug 2018 20:42:00 GMT" time="1.466" errors="0">
  <testcase name="testJSONPath" time="1.466" classname="rest_api_testing.JSONPath"/>
</testsuite> <!-- rest_api_testing.JSONPath -->
