<?xml version="1.0" encoding="UTF-8"?>
<!-- Generated by org.testng.reporters.JUnitReportReporter -->
<testsuite skipped="0" hostname="Fatihs-MacBook-Pro.local" name="rest_api_testing.TestWithHamCrest" tests="1" failures="0" timestamp="22 Aug 2018 23:58:32 GMT" time="0.013" errors="0">
  <testcase name="test1" time="0.013" classname="rest_api_testing.TestWithHamCrest"/>
</testsuite> <!-- rest_api_testing.TestWithHamCrest -->
