<?xml version="1.0" encoding="UTF-8"?>
<!-- Generated by org.testng.reporters.JUnitReportReporter -->
<testsuite skipped="0" hostname="Fatihs-MacBook-Pro.local" name="com.kff.pages.TestCase1" tests="5" failures="0" timestamp="19 Jul 2018 19:28:28 GMT" time="44.227" errors="0">
  <testcase name="fourthTestCase" time="9.293" classname="com.kff.pages.TestCase1"/>
  <testcase name="fifthTestCase" time="4.634" classname="com.kff.pages.TestCase1"/>
  <testcase name="secondTestCase" time="9.898" classname="com.kff.pages.TestCase1"/>
  <testcase name="firstTestCase" time="10.858" classname="com.kff.pages.TestCase1"/>
  <testcase name="thirdTestCase" time="9.544" classname="com.kff.pages.TestCase1"/>
</testsuite> <!-- com.kff.pages.TestCase1 -->
